Command line:
   Add4Bit_isim_beh.exe
     -simmode  gui
     -simrunnum  1
     -socket  51318

Wed Oct 07 13:56:08 2020


 Elaboration Time: 0.046875 sec
 Current Memory Usage: 5154.33 Meg

 Total Signals          : 17
 Total Nets             : 26
 Total Signal Drivers   : 7
 Total Blocks           : 2
 Total Primitive Blocks : 2
 Total Processes        : 7
 Total Traceable Variables  : 18
 Total Scalar Nets and Variables : 106
Total Line Count : 15

 Total Simulation Time: 0.09375 sec

 Current Memory Usage: 4682.47 Meg

Wed Oct 07 15:04:21 2020

