Command line:
   odd_parity_isim_beh.exe
     -simmode  gui
     -simrunnum  0
     -socket  58073

Mon Nov 02 11:32:16 2020


 Elaboration Time: 0.03125 sec

 Current Memory Usage: 5154.88 Meg

 Total Signals          : 20
 Total Nets             : 34
 Total Signal Drivers   : 9
 Total Blocks           : 3
 Total Primitive Blocks : 2
 Total Processes        : 10
 Total Traceable Variables  : 18
 Total Scalar Nets and Variables : 114
Total Line Count : 18

 Total Simulation Time: 0.171875 sec

 Current Memory Usage: 4683.02 Meg

Mon Nov 02 11:40:07 2020

