Command line:
   half_adder_isim_beh.exe
     -simmode  gui
     -simrunnum  2
     -socket  53682

Wed Sep 30 14:53:09 2020


 Elaboration Time: 0.046875 sec

 Current Memory Usage: 5153.76 Meg

 Total Signals          : 17
 Total Nets             : 17
 Total Signal Drivers   : 7
 Total Blocks           : 2
 Total Primitive Blocks : 2
 Total Processes        : 8
 Total Traceable Variables  : 18
 Total Scalar Nets and Variables : 97
Total Line Count : 16

 Total Simulation Time: 0.0625 sec

 Current Memory Usage: 5153.76 Meg

Wed Sep 30 15:05:33 2020

