Command line:
   oddparity_isim_beh.exe
     -simmode  gui
     -simrunnum  0
     -socket  55434

Sun Nov 01 19:05:20 2020


 Elaboration Time: 0.015625 sec

 Current Memory Usage: 5154.14 Meg

 Total Signals          : 21
 Total Nets             : 35
 Total Signal Drivers   : 9
 Total Blocks           : 3
 Total Primitive Blocks : 2
 Total Processes        : 10
 Total Traceable Variables  : 18
 Total Scalar Nets and Variables : 115
Total Line Count : 18

 Total Simulation Time: 0.09375 sec

 Current Memory Usage: 4996.85 Meg

Sun Nov 01 19:07:16 2020

