Command line:
   full_adder_isim_beh.exe
     -simmode  gui
     -simrunnum  1
     -socket  53680

Wed Sep 30 14:52:54 2020


 Elaboration Time: 0.078125 sec
 Current Memory Usage: 5153.77 Meg

 Total Signals          : 31
 Total Nets             : 23
 Total Signal Drivers   : 10
 Total Blocks           : 4
 Total Primitive Blocks : 3
 Total Processes        : 11
 Total Traceable Variables  : 18
 Total Scalar Nets and Variables : 103
Total Line Count : 18

 Total Simulation Time: 0.078125 sec

 Current Memory Usage: 5153.77 Meg

Wed Sep 30 15:38:06 2020

