Running: D:\Xilinx\14.1\ISE_DS\ISE\bin\nt64\unwrapped\fuse.exe -intstyle ise -incremental -lib unisims_ver -lib unimacro_ver -lib xilinxcorelib_ver -lib secureip -o D:/DD-Xilinx/2018B2A30764-Lab8_P1-GrB/decoder/odd_parity_test_isim_beh.exe -prj D:/DD-Xilinx/2018B2A30764-Lab8_P1-GrB/decoder/odd_parity_test_beh.prj work.odd_parity_test work.glbl 
ISim P.15xf (signature 0xc3576ebc)
Number of CPUs detected in this system: 4
Turning on mult-threading, number of parallel sub-compilation jobs: 8 
Determining compilation order of HDL files
Analyzing Verilog file "D:/DD-Xilinx/2018B2A30764-Lab8_P1-GrB/decoder/DECODER.v" into library work
Analyzing Verilog file "D:/DD-Xilinx/2018B2A30764-Lab8_P1-GrB/decoder/odd_parity.v" into library work
Analyzing Verilog file "D:/DD-Xilinx/2018B2A30764-Lab8_P1-GrB/decoder/odd_parity_test.v" into library work
Analyzing Verilog file "D:/Xilinx/14.1/ISE_DS/ISE//verilog/src/glbl.v" into library work
Starting static elaboration
Completed static elaboration
Compiling module DECODER
Compiling module odd_parity
Compiling module odd_parity_test
Compiling module glbl
Time Resolution for simulation is 1ps.
Waiting for 1 sub-compilation(s) to finish...
Compiled 4 Verilog Units
Built simulation executable D:/DD-Xilinx/2018B2A30764-Lab8_P1-GrB/decoder/odd_parity_test_isim_beh.exe
Fuse Memory Usage: 27832 KB
Fuse CPU Usage: 515 ms
