Command line:
   mux_isim_beh.exe
     -simmode  gui
     -simrunnum  0
     -socket  55493

Sun Nov 01 20:07:32 2020


 Elaboration Time: 0 sec

 Current Memory Usage: 5154.13 Meg

 Total Signals          : 16
 Total Nets             : 25
 Total Signal Drivers   : 6
 Total Blocks           : 2
 Total Primitive Blocks : 2
 Total Processes        : 7
 Total Traceable Variables  : 18
 Total Scalar Nets and Variables : 105
Total Line Count : 15

 Total Simulation Time: 0.015625 sec

 Current Memory Usage: 5154.13 Meg

Sun Nov 01 20:07:35 2020

